<?xml version="1.0" encoding="UTF-8"?>
<testng-results skipped="0" failed="0" ignored="0" total="4" passed="4">
  <reporter-output>
  </reporter-output>
  <suite name="Suite 1" duration-ms="5138" started-at="2018-07-01T09:17:42Z" finished-at="2018-07-01T09:17:47Z">
    <groups>
    </groups>
    <test name="Test All Related to UI" duration-ms="49" started-at="2018-07-01T09:17:42Z" finished-at="2018-07-01T09:17:42Z">
      <class name="skeletonTestNG1.NewTest">
        <test-method status="PASS" signature="beforeTest()[pri:0, instance:skeletonTestNG1.NewTest@675d3402]" name="beforeTest" is-config="true" duration-ms="0" started-at="2018-07-01T09:17:42Z" finished-at="2018-07-01T09:17:42Z">
          <reporter-output>
          </reporter-output>
        </test-method> <!-- beforeTest -->
        <test-method status="PASS" signature="beforeClass()[pri:0, instance:skeletonTestNG1.NewTest@675d3402]" name="beforeClass" is-config="true" duration-ms="1" started-at="2018-07-01T09:17:42Z" finished-at="2018-07-01T09:17:42Z">
          <reporter-output>
          </reporter-output>
        </test-method> <!-- beforeClass -->
        <test-method status="PASS" signature="beforeMethod()[pri:0, instance:skeletonTestNG1.NewTest@675d3402]" name="beforeMethod" is-config="true" duration-ms="0" started-at="2018-07-01T09:17:42Z" finished-at="2018-07-01T09:17:42Z">
          <reporter-output>
          </reporter-output>
        </test-method> <!-- beforeMethod -->
        <test-method status="PASS" signature="testCase1()[pri:0, instance:skeletonTestNG1.NewTest@675d3402]" name="testCase1" duration-ms="5" started-at="2018-07-01T09:17:42Z" finished-at="2018-07-01T09:17:42Z">
          <reporter-output>
          </reporter-output>
        </test-method> <!-- testCase1 -->
        <test-method status="PASS" signature="afterMethod()[pri:0, instance:skeletonTestNG1.NewTest@675d3402]" name="afterMethod" is-config="true" duration-ms="0" started-at="2018-07-01T09:17:42Z" finished-at="2018-07-01T09:17:42Z">
          <reporter-output>
          </reporter-output>
        </test-method> <!-- afterMethod -->
        <test-method status="PASS" signature="beforeMethod()[pri:0, instance:skeletonTestNG1.NewTest@675d3402]" name="beforeMethod" is-config="true" duration-ms="1" started-at="2018-07-01T09:17:42Z" finished-at="2018-07-01T09:17:42Z">
          <reporter-output>
          </reporter-output>
        </test-method> <!-- beforeMethod -->
        <test-method status="PASS" signature="testCase2()[pri:0, instance:skeletonTestNG1.NewTest@675d3402]" name="testCase2" duration-ms="1" started-at="2018-07-01T09:17:42Z" finished-at="2018-07-01T09:17:42Z">
          <reporter-output>
          </reporter-output>
        </test-method> <!-- testCase2 -->
        <test-method status="PASS" signature="afterMethod()[pri:0, instance:skeletonTestNG1.NewTest@675d3402]" name="afterMethod" is-config="true" duration-ms="0" started-at="2018-07-01T09:17:42Z" finished-at="2018-07-01T09:17:42Z">
          <reporter-output>
          </reporter-output>
        </test-method> <!-- afterMethod -->
        <test-method status="PASS" signature="afterClass()[pri:0, instance:skeletonTestNG1.NewTest@675d3402]" name="afterClass" is-config="true" duration-ms="0" started-at="2018-07-01T09:17:42Z" finished-at="2018-07-01T09:17:42Z">
          <reporter-output>
          </reporter-output>
        </test-method> <!-- afterClass -->
        <test-method status="PASS" signature="afterTest()[pri:0, instance:skeletonTestNG1.NewTest@675d3402]" name="afterTest" is-config="true" duration-ms="0" started-at="2018-07-01T09:17:42Z" finished-at="2018-07-01T09:17:42Z">
          <reporter-output>
          </reporter-output>
        </test-method> <!-- afterTest -->
      </class> <!-- skeletonTestNG1.NewTest -->
    </test> <!-- Test All Related to UI -->
    <test name="Test All Related to DB" duration-ms="11" started-at="2018-07-01T09:17:47Z" finished-at="2018-07-01T09:17:47Z">
      <class name="skeletonTestNG1.NewTest">
        <test-method status="PASS" signature="beforeSuite()[pri:0, instance:skeletonTestNG1.NewTest@ae45eb6]" name="beforeSuite" is-config="true" duration-ms="22" started-at="2018-07-01T09:17:42Z" finished-at="2018-07-01T09:17:42Z">
          <reporter-output>
          </reporter-output>
        </test-method> <!-- beforeSuite -->
        <test-method status="PASS" signature="beforeTest()[pri:0, instance:skeletonTestNG1.NewTest@ae45eb6]" name="beforeTest" is-config="true" duration-ms="0" started-at="2018-07-01T09:17:47Z" finished-at="2018-07-01T09:17:47Z">
          <reporter-output>
          </reporter-output>
        </test-method> <!-- beforeTest -->
        <test-method status="PASS" signature="beforeClass()[pri:0, instance:skeletonTestNG1.NewTest@ae45eb6]" name="beforeClass" is-config="true" duration-ms="0" started-at="2018-07-01T09:17:47Z" finished-at="2018-07-01T09:17:47Z">
          <reporter-output>
          </reporter-output>
        </test-method> <!-- beforeClass -->
        <test-method status="PASS" signature="beforeMethod()[pri:0, instance:skeletonTestNG1.NewTest@ae45eb6]" name="beforeMethod" is-config="true" duration-ms="1" started-at="2018-07-01T09:17:47Z" finished-at="2018-07-01T09:17:47Z">
          <reporter-output>
          </reporter-output>
        </test-method> <!-- beforeMethod -->
        <test-method status="PASS" signature="testCase1()[pri:0, instance:skeletonTestNG1.NewTest@ae45eb6]" name="testCase1" duration-ms="1" started-at="2018-07-01T09:17:47Z" finished-at="2018-07-01T09:17:47Z">
          <reporter-output>
          </reporter-output>
        </test-method> <!-- testCase1 -->
        <test-method status="PASS" signature="afterMethod()[pri:0, instance:skeletonTestNG1.NewTest@ae45eb6]" name="afterMethod" is-config="true" duration-ms="0" started-at="2018-07-01T09:17:47Z" finished-at="2018-07-01T09:17:47Z">
          <reporter-output>
          </reporter-output>
        </test-method> <!-- afterMethod -->
        <test-method status="PASS" signature="beforeMethod()[pri:0, instance:skeletonTestNG1.NewTest@ae45eb6]" name="beforeMethod" is-config="true" duration-ms="0" started-at="2018-07-01T09:17:47Z" finished-at="2018-07-01T09:17:47Z">
          <reporter-output>
          </reporter-output>
        </test-method> <!-- beforeMethod -->
        <test-method status="PASS" signature="testCase2()[pri:0, instance:skeletonTestNG1.NewTest@ae45eb6]" name="testCase2" duration-ms="2" started-at="2018-07-01T09:17:47Z" finished-at="2018-07-01T09:17:47Z">
          <reporter-output>
          </reporter-output>
        </test-method> <!-- testCase2 -->
        <test-method status="PASS" signature="afterMethod()[pri:0, instance:skeletonTestNG1.NewTest@ae45eb6]" name="afterMethod" is-config="true" duration-ms="0" started-at="2018-07-01T09:17:47Z" finished-at="2018-07-01T09:17:47Z">
          <reporter-output>
          </reporter-output>
        </test-method> <!-- afterMethod -->
        <test-method status="PASS" signature="afterClass()[pri:0, instance:skeletonTestNG1.NewTest@ae45eb6]" name="afterClass" is-config="true" duration-ms="0" started-at="2018-07-01T09:17:47Z" finished-at="2018-07-01T09:17:47Z">
          <reporter-output>
          </reporter-output>
        </test-method> <!-- afterClass -->
        <test-method status="PASS" signature="afterTest()[pri:0, instance:skeletonTestNG1.NewTest@ae45eb6]" name="afterTest" is-config="true" duration-ms="0" started-at="2018-07-01T09:17:47Z" finished-at="2018-07-01T09:17:47Z">
          <reporter-output>
          </reporter-output>
        </test-method> <!-- afterTest -->
        <test-method status="PASS" signature="afterSuite()[pri:0, instance:skeletonTestNG1.NewTest@ae45eb6]" name="afterSuite" is-config="true" duration-ms="0" started-at="2018-07-01T09:17:52Z" finished-at="2018-07-01T09:17:52Z">
          <reporter-output>
          </reporter-output>
        </test-method> <!-- afterSuite -->
      </class> <!-- skeletonTestNG1.NewTest -->
    </test> <!-- Test All Related to DB -->
  </suite> <!-- Suite 1 -->
</testng-results>
